<?xml version="1.0" encoding="UTF-8"?>
<!-- Generated by org.testng.reporters.JUnitReportReporter -->
<testsuite hostname="LAPTOP-M0NL3NBK" failures="0" tests="1" name="PragatiTraining.OrangeHRMTestCases.TestCases.ValidLoginCredentialsTestcase" time="5.446" errors="0" timestamp="2021-05-27T10:55:11 IST" skipped="0">
  <testcase classname="PragatiTraining.OrangeHRMTestCases.TestCases.ValidLoginCredentialsTestcase" name="TestLoginWithValidCrdentials" time="5.446"/>
  <system-out/>
</testsuite> <!-- PragatiTraining.OrangeHRMTestCases.TestCases.ValidLoginCredentialsTestcase -->
