<?xml version="1.0" encoding="UTF-8"?>
<!-- Generated by org.testng.reporters.JUnitReportReporter -->
<testsuite hostname="LAPTOP-M0NL3NBK" failures="0" tests="4" name="PragatiTraining.OrangeHRMTestCases.TestCases.InvalidLoginTestCases" time="1.251" errors="0" timestamp="2021-05-27T10:55:11 IST" skipped="0">
  <testcase classname="PragatiTraining.OrangeHRMTestCases.TestCases.InvalidLoginTestCases" name="TestLoginWithInValidCrdentials" time="0.134"/>
  <system-out/>
  <testcase classname="PragatiTraining.OrangeHRMTestCases.TestCases.InvalidLoginTestCases" name="TestLoginWithInValidCrdentials" time="0.191"/>
  <system-out/>
  <testcase classname="PragatiTraining.OrangeHRMTestCases.TestCases.InvalidLoginTestCases" name="TestLoginWithInValidCrdentials" time="0.142"/>
  <system-out/>
  <testcase classname="PragatiTraining.OrangeHRMTestCases.TestCases.InvalidLoginTestCases" name="TestLoginWithInValidCrdentials" time="0.784"/>
  <system-out/>
</testsuite> <!-- PragatiTraining.OrangeHRMTestCases.TestCases.InvalidLoginTestCases -->
